Building DAG of jobs...
Using shell: /usr/bin/bash
Provided cores: 16
Rules claiming more threads will be scaled down.
Job stats:
job                 count
----------------  -------
all                     1
computeMatrix           8
fraglen_features        4
motifs_features         4
plotProfile             8
profile_features        8
total                  33

Select jobs to execute...

[Wed Sep 17 15:30:18 2025]
rule fraglen_features:
    input: results/LuCaP_35_recal/fraglen/AD/LuCaP_35_recal.fraglen.AD.filtered.bed
    output: results/LuCaP_35_recal/fraglen/AD/LuCaP_35_recal.fraglen.AD.features.tsv
    jobid: 25
    reason: Missing output files: results/LuCaP_35_recal/fraglen/AD/LuCaP_35_recal.fraglen.AD.features.tsv
    wildcards: sample=LuCaP_35_recal, siteset=AD
    resources: tmpdir=/tmp


[Wed Sep 17 15:30:18 2025]
rule computeMatrix:
    input: /mnt/g/finaletoolkit_results_NEPC/LuCaP_35_recal.wps.bw, /home/student/2_finaletoolkit/NE-ATAC-TF.sorted.bed
    output: results/LuCaP_35_recal/wps/NE/LuCaP_35_recal.wps.NE.matrix.gz
    jobid: 12
    reason: Missing output files: results/LuCaP_35_recal/wps/NE/LuCaP_35_recal.wps.NE.matrix.gz
    wildcards: sample=LuCaP_35_recal, signal=wps, siteset=NE
    resources: tmpdir=/tmp


[Wed Sep 17 15:30:18 2025]
rule fraglen_features:
    input: results/LuCaP_35CR_recal/fraglen/AD/LuCaP_35CR_recal.fraglen.AD.filtered.bed
    output: results/LuCaP_35CR_recal/fraglen/AD/LuCaP_35CR_recal.fraglen.AD.features.tsv
    jobid: 29
    reason: Missing output files: results/LuCaP_35CR_recal/fraglen/AD/LuCaP_35CR_recal.fraglen.AD.features.tsv
    wildcards: sample=LuCaP_35CR_recal, siteset=AD
    resources: tmpdir=/tmp


[Wed Sep 17 15:30:18 2025]
rule motifs_features:
    input: results/LuCaP_35_recal/motif/AD/LuCaP_35_recal.motif.AD.filtered.tsv
    output: results/LuCaP_35_recal/motif/AD/LuCaP_35_recal.motif.AD.features.tsv
    jobid: 33
    reason: Missing output files: results/LuCaP_35_recal/motif/AD/LuCaP_35_recal.motif.AD.features.tsv
    wildcards: sample=LuCaP_35_recal, siteset=AD
    resources: tmpdir=/tmp


[Wed Sep 17 15:30:18 2025]
rule computeMatrix:
    input: /mnt/g/finaletoolkit_results_NEPC/LuCaP_35_recal.wps.bw, /home/student/2_finaletoolkit/AD-ATAC-TF.sorted.bed
    output: results/LuCaP_35_recal/wps/AD/LuCaP_35_recal.wps.AD.matrix.gz
    jobid: 9
    reason: Missing output files: results/LuCaP_35_recal/wps/AD/LuCaP_35_recal.wps.AD.matrix.gz
    wildcards: sample=LuCaP_35_recal, signal=wps, siteset=AD
    resources: tmpdir=/tmp


[Wed Sep 17 15:30:18 2025]
rule computeMatrix:
    input: /mnt/g/finaletoolkit_results_NEPC/LuCaP_35CR_recal.wps.bw, /home/student/2_finaletoolkit/NE-ATAC-TF.sorted.bed
    output: results/LuCaP_35CR_recal/wps/NE/LuCaP_35CR_recal.wps.NE.matrix.gz
    jobid: 24
    reason: Missing output files: results/LuCaP_35CR_recal/wps/NE/LuCaP_35CR_recal.wps.NE.matrix.gz
    wildcards: sample=LuCaP_35CR_recal, signal=wps, siteset=NE
    resources: tmpdir=/tmp


[Wed Sep 17 15:30:18 2025]
rule motifs_features:
    input: results/LuCaP_35CR_recal/motif/AD/LuCaP_35CR_recal.motif.AD.filtered.tsv
    output: results/LuCaP_35CR_recal/motif/AD/LuCaP_35CR_recal.motif.AD.features.tsv
    jobid: 37
    reason: Missing output files: results/LuCaP_35CR_recal/motif/AD/LuCaP_35CR_recal.motif.AD.features.tsv
    wildcards: sample=LuCaP_35CR_recal, siteset=AD
    resources: tmpdir=/tmp


[Wed Sep 17 15:30:18 2025]
rule fraglen_features:
    input: results/LuCaP_35_recal/fraglen/NE/LuCaP_35_recal.fraglen.NE.filtered.bed
    output: results/LuCaP_35_recal/fraglen/NE/LuCaP_35_recal.fraglen.NE.features.tsv
    jobid: 27
    reason: Missing output files: results/LuCaP_35_recal/fraglen/NE/LuCaP_35_recal.fraglen.NE.features.tsv
    wildcards: sample=LuCaP_35_recal, siteset=NE
    resources: tmpdir=/tmp


[Wed Sep 17 15:30:18 2025]
rule computeMatrix:
    input: /mnt/g/finaletoolkit_results_NEPC/LuCaP_35_recal.cleavage_profile.bw, /home/student/2_finaletoolkit/NE-ATAC-TF.sorted.bed
    output: results/LuCaP_35_recal/cleavage_profile/NE/LuCaP_35_recal.cleavage_profile.NE.matrix.gz
    jobid: 6
    reason: Missing output files: results/LuCaP_35_recal/cleavage_profile/NE/LuCaP_35_recal.cleavage_profile.NE.matrix.gz
    wildcards: sample=LuCaP_35_recal, signal=cleavage_profile, siteset=NE
    resources: tmpdir=/tmp


[Wed Sep 17 15:30:18 2025]
rule computeMatrix:
    input: /mnt/g/finaletoolkit_results_NEPC/LuCaP_35CR_recal.wps.bw, /home/student/2_finaletoolkit/AD-ATAC-TF.sorted.bed
    output: results/LuCaP_35CR_recal/wps/AD/LuCaP_35CR_recal.wps.AD.matrix.gz
    jobid: 21
    reason: Missing output files: results/LuCaP_35CR_recal/wps/AD/LuCaP_35CR_recal.wps.AD.matrix.gz
    wildcards: sample=LuCaP_35CR_recal, signal=wps, siteset=AD
    resources: tmpdir=/tmp


[Wed Sep 17 15:30:18 2025]
rule computeMatrix:
    input: /mnt/g/finaletoolkit_results_NEPC/LuCaP_35CR_recal.cleavage_profile.bw, /home/student/2_finaletoolkit/NE-ATAC-TF.sorted.bed
    output: results/LuCaP_35CR_recal/cleavage_profile/NE/LuCaP_35CR_recal.cleavage_profile.NE.matrix.gz
    jobid: 18
    reason: Missing output files: results/LuCaP_35CR_recal/cleavage_profile/NE/LuCaP_35CR_recal.cleavage_profile.NE.matrix.gz
    wildcards: sample=LuCaP_35CR_recal, signal=cleavage_profile, siteset=NE
    resources: tmpdir=/tmp


[Wed Sep 17 15:30:18 2025]
rule computeMatrix:
    input: /mnt/g/finaletoolkit_results_NEPC/LuCaP_35_recal.cleavage_profile.bw, /home/student/2_finaletoolkit/AD-ATAC-TF.sorted.bed
    output: results/LuCaP_35_recal/cleavage_profile/AD/LuCaP_35_recal.cleavage_profile.AD.matrix.gz
    jobid: 3
    reason: Missing output files: results/LuCaP_35_recal/cleavage_profile/AD/LuCaP_35_recal.cleavage_profile.AD.matrix.gz
    wildcards: sample=LuCaP_35_recal, signal=cleavage_profile, siteset=AD
    resources: tmpdir=/tmp


[Wed Sep 17 15:30:18 2025]
rule fraglen_features:
    input: results/LuCaP_35CR_recal/fraglen/NE/LuCaP_35CR_recal.fraglen.NE.filtered.bed
    output: results/LuCaP_35CR_recal/fraglen/NE/LuCaP_35CR_recal.fraglen.NE.features.tsv
    jobid: 31
    reason: Missing output files: results/LuCaP_35CR_recal/fraglen/NE/LuCaP_35CR_recal.fraglen.NE.features.tsv
    wildcards: sample=LuCaP_35CR_recal, siteset=NE
    resources: tmpdir=/tmp


[Wed Sep 17 15:30:18 2025]
rule motifs_features:
    input: results/LuCaP_35_recal/motif/NE/LuCaP_35_recal.motif.NE.filtered.tsv
    output: results/LuCaP_35_recal/motif/NE/LuCaP_35_recal.motif.NE.features.tsv
    jobid: 35
    reason: Missing output files: results/LuCaP_35_recal/motif/NE/LuCaP_35_recal.motif.NE.features.tsv
    wildcards: sample=LuCaP_35_recal, siteset=NE
    resources: tmpdir=/tmp


[Wed Sep 17 15:30:18 2025]
rule computeMatrix:
    input: /mnt/g/finaletoolkit_results_NEPC/LuCaP_35CR_recal.cleavage_profile.bw, /home/student/2_finaletoolkit/AD-ATAC-TF.sorted.bed
    output: results/LuCaP_35CR_recal/cleavage_profile/AD/LuCaP_35CR_recal.cleavage_profile.AD.matrix.gz
    jobid: 15
    reason: Missing output files: results/LuCaP_35CR_recal/cleavage_profile/AD/LuCaP_35CR_recal.cleavage_profile.AD.matrix.gz
    wildcards: sample=LuCaP_35CR_recal, signal=cleavage_profile, siteset=AD
    resources: tmpdir=/tmp


[Wed Sep 17 15:30:18 2025]
rule motifs_features:
    input: results/LuCaP_35CR_recal/motif/NE/LuCaP_35CR_recal.motif.NE.filtered.tsv
    output: results/LuCaP_35CR_recal/motif/NE/LuCaP_35CR_recal.motif.NE.features.tsv
    jobid: 39
    reason: Missing output files: results/LuCaP_35CR_recal/motif/NE/LuCaP_35CR_recal.motif.NE.features.tsv
    wildcards: sample=LuCaP_35CR_recal, siteset=NE
    resources: tmpdir=/tmp

[Wed Sep 17 15:30:18 2025]
Finished job 25.
1 of 33 steps (3%) done
Removing temporary output results/LuCaP_35_recal/fraglen/AD/LuCaP_35_recal.fraglen.AD.filtered.bed.
[Wed Sep 17 15:30:18 2025]
Finished job 29.
2 of 33 steps (6%) done
Removing temporary output results/LuCaP_35CR_recal/fraglen/AD/LuCaP_35CR_recal.fraglen.AD.filtered.bed.
[Wed Sep 17 15:30:18 2025]
Finished job 37.
3 of 33 steps (9%) done
Removing temporary output results/LuCaP_35CR_recal/motif/AD/LuCaP_35CR_recal.motif.AD.filtered.tsv.
[Wed Sep 17 15:30:18 2025]
Finished job 33.
4 of 33 steps (12%) done
Removing temporary output results/LuCaP_35_recal/motif/AD/LuCaP_35_recal.motif.AD.filtered.tsv.
[Wed Sep 17 15:30:18 2025]
Finished job 27.
5 of 33 steps (15%) done
Removing temporary output results/LuCaP_35_recal/fraglen/NE/LuCaP_35_recal.fraglen.NE.filtered.bed.
[Wed Sep 17 15:30:18 2025]
Finished job 31.
6 of 33 steps (18%) done
Removing temporary output results/LuCaP_35CR_recal/fraglen/NE/LuCaP_35CR_recal.fraglen.NE.filtered.bed.
[Wed Sep 17 15:30:19 2025]
Finished job 35.
7 of 33 steps (21%) done
Removing temporary output results/LuCaP_35_recal/motif/NE/LuCaP_35_recal.motif.NE.filtered.tsv.
[Wed Sep 17 15:30:19 2025]
Finished job 39.
8 of 33 steps (24%) done
Removing temporary output results/LuCaP_35CR_recal/motif/NE/LuCaP_35CR_recal.motif.NE.filtered.tsv.
[Wed Sep 17 15:33:07 2025]
Finished job 15.
9 of 33 steps (27%) done
Select jobs to execute...

[Wed Sep 17 15:33:07 2025]
rule plotProfile:
    input: results/LuCaP_35CR_recal/cleavage_profile/AD/LuCaP_35CR_recal.cleavage_profile.AD.matrix.gz
    output: results/LuCaP_35CR_recal/cleavage_profile/AD/LuCaP_35CR_recal.cleavage_profile.AD.profile.pdf, results/LuCaP_35CR_recal/cleavage_profile/AD/LuCaP_35CR_recal.cleavage_profile.AD.tidy.tsv
    jobid: 14
    reason: Missing output files: results/LuCaP_35CR_recal/cleavage_profile/AD/LuCaP_35CR_recal.cleavage_profile.AD.tidy.tsv; Input files updated by another job: results/LuCaP_35CR_recal/cleavage_profile/AD/LuCaP_35CR_recal.cleavage_profile.AD.matrix.gz
    wildcards: sample=LuCaP_35CR_recal, signal=cleavage_profile, siteset=AD
    resources: tmpdir=/tmp

[Wed Sep 17 15:33:07 2025]
Finished job 3.
10 of 33 steps (30%) done
Select jobs to execute...

[Wed Sep 17 15:33:07 2025]
rule plotProfile:
    input: results/LuCaP_35_recal/cleavage_profile/AD/LuCaP_35_recal.cleavage_profile.AD.matrix.gz
    output: results/LuCaP_35_recal/cleavage_profile/AD/LuCaP_35_recal.cleavage_profile.AD.profile.pdf, results/LuCaP_35_recal/cleavage_profile/AD/LuCaP_35_recal.cleavage_profile.AD.tidy.tsv
    jobid: 2
    reason: Missing output files: results/LuCaP_35_recal/cleavage_profile/AD/LuCaP_35_recal.cleavage_profile.AD.tidy.tsv; Input files updated by another job: results/LuCaP_35_recal/cleavage_profile/AD/LuCaP_35_recal.cleavage_profile.AD.matrix.gz
    wildcards: sample=LuCaP_35_recal, signal=cleavage_profile, siteset=AD
    resources: tmpdir=/tmp

[Wed Sep 17 15:33:08 2025]
Finished job 14.
11 of 33 steps (33%) done
Removing temporary output results/LuCaP_35CR_recal/cleavage_profile/AD/LuCaP_35CR_recal.cleavage_profile.AD.matrix.gz.
Removing temporary output results/LuCaP_35CR_recal/cleavage_profile/AD/LuCaP_35CR_recal.cleavage_profile.AD.profile.pdf.
Select jobs to execute...

[Wed Sep 17 15:33:08 2025]
rule profile_features:
    input: results/LuCaP_35CR_recal/cleavage_profile/AD/LuCaP_35CR_recal.cleavage_profile.AD.tidy.tsv
    output: results/LuCaP_35CR_recal/cleavage_profile/AD/LuCaP_35CR_recal.cleavage_profile.AD.profile.tsv, results/LuCaP_35CR_recal/cleavage_profile/AD/LuCaP_35CR_recal.cleavage_profile.AD.features.tsv
    jobid: 13
    reason: Missing output files: results/LuCaP_35CR_recal/cleavage_profile/AD/LuCaP_35CR_recal.cleavage_profile.AD.features.tsv; Input files updated by another job: results/LuCaP_35CR_recal/cleavage_profile/AD/LuCaP_35CR_recal.cleavage_profile.AD.tidy.tsv
    wildcards: sample=LuCaP_35CR_recal, signal=cleavage_profile, siteset=AD
    resources: tmpdir=/tmp

[Wed Sep 17 15:33:08 2025]
Finished job 2.
12 of 33 steps (36%) done
Removing temporary output results/LuCaP_35_recal/cleavage_profile/AD/LuCaP_35_recal.cleavage_profile.AD.matrix.gz.
Removing temporary output results/LuCaP_35_recal/cleavage_profile/AD/LuCaP_35_recal.cleavage_profile.AD.profile.pdf.
Select jobs to execute...

[Wed Sep 17 15:33:08 2025]
rule profile_features:
    input: results/LuCaP_35_recal/cleavage_profile/AD/LuCaP_35_recal.cleavage_profile.AD.tidy.tsv
    output: results/LuCaP_35_recal/cleavage_profile/AD/LuCaP_35_recal.cleavage_profile.AD.profile.tsv, results/LuCaP_35_recal/cleavage_profile/AD/LuCaP_35_recal.cleavage_profile.AD.features.tsv
    jobid: 1
    reason: Missing output files: results/LuCaP_35_recal/cleavage_profile/AD/LuCaP_35_recal.cleavage_profile.AD.features.tsv; Input files updated by another job: results/LuCaP_35_recal/cleavage_profile/AD/LuCaP_35_recal.cleavage_profile.AD.tidy.tsv
    wildcards: sample=LuCaP_35_recal, signal=cleavage_profile, siteset=AD
    resources: tmpdir=/tmp

[Wed Sep 17 15:33:08 2025]
Finished job 13.
13 of 33 steps (39%) done
[Wed Sep 17 15:33:08 2025]
Finished job 1.
14 of 33 steps (42%) done
[Wed Sep 17 15:33:26 2025]
Finished job 9.
15 of 33 steps (45%) done
Select jobs to execute...

[Wed Sep 17 15:33:26 2025]
rule plotProfile:
    input: results/LuCaP_35_recal/wps/AD/LuCaP_35_recal.wps.AD.matrix.gz
    output: results/LuCaP_35_recal/wps/AD/LuCaP_35_recal.wps.AD.profile.pdf, results/LuCaP_35_recal/wps/AD/LuCaP_35_recal.wps.AD.tidy.tsv
    jobid: 8
    reason: Missing output files: results/LuCaP_35_recal/wps/AD/LuCaP_35_recal.wps.AD.tidy.tsv; Input files updated by another job: results/LuCaP_35_recal/wps/AD/LuCaP_35_recal.wps.AD.matrix.gz
    wildcards: sample=LuCaP_35_recal, signal=wps, siteset=AD
    resources: tmpdir=/tmp

[Wed Sep 17 15:33:26 2025]
Finished job 21.
16 of 33 steps (48%) done
Select jobs to execute...

[Wed Sep 17 15:33:26 2025]
rule plotProfile:
    input: results/LuCaP_35CR_recal/wps/AD/LuCaP_35CR_recal.wps.AD.matrix.gz
    output: results/LuCaP_35CR_recal/wps/AD/LuCaP_35CR_recal.wps.AD.profile.pdf, results/LuCaP_35CR_recal/wps/AD/LuCaP_35CR_recal.wps.AD.tidy.tsv
    jobid: 20
    reason: Missing output files: results/LuCaP_35CR_recal/wps/AD/LuCaP_35CR_recal.wps.AD.tidy.tsv; Input files updated by another job: results/LuCaP_35CR_recal/wps/AD/LuCaP_35CR_recal.wps.AD.matrix.gz
    wildcards: sample=LuCaP_35CR_recal, signal=wps, siteset=AD
    resources: tmpdir=/tmp

[Wed Sep 17 15:33:27 2025]
Finished job 8.
17 of 33 steps (52%) done
Removing temporary output results/LuCaP_35_recal/wps/AD/LuCaP_35_recal.wps.AD.matrix.gz.
Removing temporary output results/LuCaP_35_recal/wps/AD/LuCaP_35_recal.wps.AD.profile.pdf.
Select jobs to execute...

[Wed Sep 17 15:33:27 2025]
rule profile_features:
    input: results/LuCaP_35_recal/wps/AD/LuCaP_35_recal.wps.AD.tidy.tsv
    output: results/LuCaP_35_recal/wps/AD/LuCaP_35_recal.wps.AD.profile.tsv, results/LuCaP_35_recal/wps/AD/LuCaP_35_recal.wps.AD.features.tsv
    jobid: 7
    reason: Missing output files: results/LuCaP_35_recal/wps/AD/LuCaP_35_recal.wps.AD.features.tsv; Input files updated by another job: results/LuCaP_35_recal/wps/AD/LuCaP_35_recal.wps.AD.tidy.tsv
    wildcards: sample=LuCaP_35_recal, signal=wps, siteset=AD
    resources: tmpdir=/tmp

[Wed Sep 17 15:33:27 2025]
Finished job 20.
18 of 33 steps (55%) done
Removing temporary output results/LuCaP_35CR_recal/wps/AD/LuCaP_35CR_recal.wps.AD.matrix.gz.
Removing temporary output results/LuCaP_35CR_recal/wps/AD/LuCaP_35CR_recal.wps.AD.profile.pdf.
Select jobs to execute...

[Wed Sep 17 15:33:27 2025]
rule profile_features:
    input: results/LuCaP_35CR_recal/wps/AD/LuCaP_35CR_recal.wps.AD.tidy.tsv
    output: results/LuCaP_35CR_recal/wps/AD/LuCaP_35CR_recal.wps.AD.profile.tsv, results/LuCaP_35CR_recal/wps/AD/LuCaP_35CR_recal.wps.AD.features.tsv
    jobid: 19
    reason: Missing output files: results/LuCaP_35CR_recal/wps/AD/LuCaP_35CR_recal.wps.AD.features.tsv; Input files updated by another job: results/LuCaP_35CR_recal/wps/AD/LuCaP_35CR_recal.wps.AD.tidy.tsv
    wildcards: sample=LuCaP_35CR_recal, signal=wps, siteset=AD
    resources: tmpdir=/tmp

[Wed Sep 17 15:33:28 2025]
Finished job 7.
19 of 33 steps (58%) done
[Wed Sep 17 15:33:28 2025]
Finished job 19.
20 of 33 steps (61%) done
[Wed Sep 17 15:34:36 2025]
Finished job 24.
21 of 33 steps (64%) done
Select jobs to execute...

[Wed Sep 17 15:34:36 2025]
rule plotProfile:
    input: results/LuCaP_35CR_recal/wps/NE/LuCaP_35CR_recal.wps.NE.matrix.gz
    output: results/LuCaP_35CR_recal/wps/NE/LuCaP_35CR_recal.wps.NE.profile.pdf, results/LuCaP_35CR_recal/wps/NE/LuCaP_35CR_recal.wps.NE.tidy.tsv
    jobid: 23
    reason: Missing output files: results/LuCaP_35CR_recal/wps/NE/LuCaP_35CR_recal.wps.NE.tidy.tsv; Input files updated by another job: results/LuCaP_35CR_recal/wps/NE/LuCaP_35CR_recal.wps.NE.matrix.gz
    wildcards: sample=LuCaP_35CR_recal, signal=wps, siteset=NE
    resources: tmpdir=/tmp

[Wed Sep 17 15:34:37 2025]
Finished job 12.
22 of 33 steps (67%) done
Select jobs to execute...

[Wed Sep 17 15:34:37 2025]
rule plotProfile:
    input: results/LuCaP_35_recal/wps/NE/LuCaP_35_recal.wps.NE.matrix.gz
    output: results/LuCaP_35_recal/wps/NE/LuCaP_35_recal.wps.NE.profile.pdf, results/LuCaP_35_recal/wps/NE/LuCaP_35_recal.wps.NE.tidy.tsv
    jobid: 11
    reason: Missing output files: results/LuCaP_35_recal/wps/NE/LuCaP_35_recal.wps.NE.tidy.tsv; Input files updated by another job: results/LuCaP_35_recal/wps/NE/LuCaP_35_recal.wps.NE.matrix.gz
    wildcards: sample=LuCaP_35_recal, signal=wps, siteset=NE
    resources: tmpdir=/tmp

[Wed Sep 17 15:34:37 2025]
Finished job 23.
23 of 33 steps (70%) done
Removing temporary output results/LuCaP_35CR_recal/wps/NE/LuCaP_35CR_recal.wps.NE.matrix.gz.
Removing temporary output results/LuCaP_35CR_recal/wps/NE/LuCaP_35CR_recal.wps.NE.profile.pdf.
Select jobs to execute...

[Wed Sep 17 15:34:37 2025]
rule profile_features:
    input: results/LuCaP_35CR_recal/wps/NE/LuCaP_35CR_recal.wps.NE.tidy.tsv
    output: results/LuCaP_35CR_recal/wps/NE/LuCaP_35CR_recal.wps.NE.profile.tsv, results/LuCaP_35CR_recal/wps/NE/LuCaP_35CR_recal.wps.NE.features.tsv
    jobid: 22
    reason: Missing output files: results/LuCaP_35CR_recal/wps/NE/LuCaP_35CR_recal.wps.NE.features.tsv; Input files updated by another job: results/LuCaP_35CR_recal/wps/NE/LuCaP_35CR_recal.wps.NE.tidy.tsv
    wildcards: sample=LuCaP_35CR_recal, signal=wps, siteset=NE
    resources: tmpdir=/tmp

[Wed Sep 17 15:34:37 2025]
Finished job 22.
24 of 33 steps (73%) done
[Wed Sep 17 15:34:38 2025]
Finished job 11.
25 of 33 steps (76%) done
Removing temporary output results/LuCaP_35_recal/wps/NE/LuCaP_35_recal.wps.NE.matrix.gz.
Removing temporary output results/LuCaP_35_recal/wps/NE/LuCaP_35_recal.wps.NE.profile.pdf.
Select jobs to execute...

[Wed Sep 17 15:34:38 2025]
rule profile_features:
    input: results/LuCaP_35_recal/wps/NE/LuCaP_35_recal.wps.NE.tidy.tsv
    output: results/LuCaP_35_recal/wps/NE/LuCaP_35_recal.wps.NE.profile.tsv, results/LuCaP_35_recal/wps/NE/LuCaP_35_recal.wps.NE.features.tsv
    jobid: 10
    reason: Missing output files: results/LuCaP_35_recal/wps/NE/LuCaP_35_recal.wps.NE.features.tsv; Input files updated by another job: results/LuCaP_35_recal/wps/NE/LuCaP_35_recal.wps.NE.tidy.tsv
    wildcards: sample=LuCaP_35_recal, signal=wps, siteset=NE
    resources: tmpdir=/tmp

[Wed Sep 17 15:34:38 2025]
Finished job 10.
26 of 33 steps (79%) done
[Wed Sep 17 15:34:43 2025]
Finished job 6.
27 of 33 steps (82%) done
Select jobs to execute...

[Wed Sep 17 15:34:43 2025]
rule plotProfile:
    input: results/LuCaP_35_recal/cleavage_profile/NE/LuCaP_35_recal.cleavage_profile.NE.matrix.gz
    output: results/LuCaP_35_recal/cleavage_profile/NE/LuCaP_35_recal.cleavage_profile.NE.profile.pdf, results/LuCaP_35_recal/cleavage_profile/NE/LuCaP_35_recal.cleavage_profile.NE.tidy.tsv
    jobid: 5
    reason: Missing output files: results/LuCaP_35_recal/cleavage_profile/NE/LuCaP_35_recal.cleavage_profile.NE.tidy.tsv; Input files updated by another job: results/LuCaP_35_recal/cleavage_profile/NE/LuCaP_35_recal.cleavage_profile.NE.matrix.gz
    wildcards: sample=LuCaP_35_recal, signal=cleavage_profile, siteset=NE
    resources: tmpdir=/tmp

[Wed Sep 17 15:34:44 2025]
Finished job 18.
28 of 33 steps (85%) done
Select jobs to execute...

[Wed Sep 17 15:34:44 2025]
rule plotProfile:
    input: results/LuCaP_35CR_recal/cleavage_profile/NE/LuCaP_35CR_recal.cleavage_profile.NE.matrix.gz
    output: results/LuCaP_35CR_recal/cleavage_profile/NE/LuCaP_35CR_recal.cleavage_profile.NE.profile.pdf, results/LuCaP_35CR_recal/cleavage_profile/NE/LuCaP_35CR_recal.cleavage_profile.NE.tidy.tsv
    jobid: 17
    reason: Missing output files: results/LuCaP_35CR_recal/cleavage_profile/NE/LuCaP_35CR_recal.cleavage_profile.NE.tidy.tsv; Input files updated by another job: results/LuCaP_35CR_recal/cleavage_profile/NE/LuCaP_35CR_recal.cleavage_profile.NE.matrix.gz
    wildcards: sample=LuCaP_35CR_recal, signal=cleavage_profile, siteset=NE
    resources: tmpdir=/tmp

[Wed Sep 17 15:34:44 2025]
Finished job 5.
29 of 33 steps (88%) done
Removing temporary output results/LuCaP_35_recal/cleavage_profile/NE/LuCaP_35_recal.cleavage_profile.NE.matrix.gz.
Removing temporary output results/LuCaP_35_recal/cleavage_profile/NE/LuCaP_35_recal.cleavage_profile.NE.profile.pdf.
Select jobs to execute...

[Wed Sep 17 15:34:44 2025]
rule profile_features:
    input: results/LuCaP_35_recal/cleavage_profile/NE/LuCaP_35_recal.cleavage_profile.NE.tidy.tsv
    output: results/LuCaP_35_recal/cleavage_profile/NE/LuCaP_35_recal.cleavage_profile.NE.profile.tsv, results/LuCaP_35_recal/cleavage_profile/NE/LuCaP_35_recal.cleavage_profile.NE.features.tsv
    jobid: 4
    reason: Missing output files: results/LuCaP_35_recal/cleavage_profile/NE/LuCaP_35_recal.cleavage_profile.NE.features.tsv; Input files updated by another job: results/LuCaP_35_recal/cleavage_profile/NE/LuCaP_35_recal.cleavage_profile.NE.tidy.tsv
    wildcards: sample=LuCaP_35_recal, signal=cleavage_profile, siteset=NE
    resources: tmpdir=/tmp

[Wed Sep 17 15:34:44 2025]
Finished job 4.
30 of 33 steps (91%) done
[Wed Sep 17 15:34:45 2025]
Finished job 17.
31 of 33 steps (94%) done
Removing temporary output results/LuCaP_35CR_recal/cleavage_profile/NE/LuCaP_35CR_recal.cleavage_profile.NE.matrix.gz.
Removing temporary output results/LuCaP_35CR_recal/cleavage_profile/NE/LuCaP_35CR_recal.cleavage_profile.NE.profile.pdf.
Select jobs to execute...

[Wed Sep 17 15:34:45 2025]
rule profile_features:
    input: results/LuCaP_35CR_recal/cleavage_profile/NE/LuCaP_35CR_recal.cleavage_profile.NE.tidy.tsv
    output: results/LuCaP_35CR_recal/cleavage_profile/NE/LuCaP_35CR_recal.cleavage_profile.NE.profile.tsv, results/LuCaP_35CR_recal/cleavage_profile/NE/LuCaP_35CR_recal.cleavage_profile.NE.features.tsv
    jobid: 16
    reason: Missing output files: results/LuCaP_35CR_recal/cleavage_profile/NE/LuCaP_35CR_recal.cleavage_profile.NE.features.tsv; Input files updated by another job: results/LuCaP_35CR_recal/cleavage_profile/NE/LuCaP_35CR_recal.cleavage_profile.NE.tidy.tsv
    wildcards: sample=LuCaP_35CR_recal, signal=cleavage_profile, siteset=NE
    resources: tmpdir=/tmp

[Wed Sep 17 15:34:45 2025]
Finished job 16.
32 of 33 steps (97%) done
Select jobs to execute...

[Wed Sep 17 15:34:45 2025]
localrule all:
    input: results/LuCaP_35_recal/cleavage_profile/AD/LuCaP_35_recal.cleavage_profile.AD.features.tsv, results/LuCaP_35_recal/cleavage_profile/NE/LuCaP_35_recal.cleavage_profile.NE.features.tsv, results/LuCaP_35_recal/wps/AD/LuCaP_35_recal.wps.AD.features.tsv, results/LuCaP_35_recal/wps/NE/LuCaP_35_recal.wps.NE.features.tsv, results/LuCaP_35CR_recal/cleavage_profile/AD/LuCaP_35CR_recal.cleavage_profile.AD.features.tsv, results/LuCaP_35CR_recal/cleavage_profile/NE/LuCaP_35CR_recal.cleavage_profile.NE.features.tsv, results/LuCaP_35CR_recal/wps/AD/LuCaP_35CR_recal.wps.AD.features.tsv, results/LuCaP_35CR_recal/wps/NE/LuCaP_35CR_recal.wps.NE.features.tsv, results/LuCaP_35_recal/fraglen/AD/LuCaP_35_recal.fraglen.AD.features.tsv, results/LuCaP_35_recal/fraglen/NE/LuCaP_35_recal.fraglen.NE.features.tsv, results/LuCaP_35CR_recal/fraglen/AD/LuCaP_35CR_recal.fraglen.AD.features.tsv, results/LuCaP_35CR_recal/fraglen/NE/LuCaP_35CR_recal.fraglen.NE.features.tsv, results/LuCaP_35_recal/motif/AD/LuCaP_35_recal.motif.AD.features.tsv, results/LuCaP_35_recal/motif/NE/LuCaP_35_recal.motif.NE.features.tsv, results/LuCaP_35CR_recal/motif/AD/LuCaP_35CR_recal.motif.AD.features.tsv, results/LuCaP_35CR_recal/motif/NE/LuCaP_35CR_recal.motif.NE.features.tsv
    jobid: 0
    reason: Input files updated by another job: results/LuCaP_35_recal/cleavage_profile/AD/LuCaP_35_recal.cleavage_profile.AD.features.tsv, results/LuCaP_35_recal/wps/AD/LuCaP_35_recal.wps.AD.features.tsv, results/LuCaP_35_recal/fraglen/NE/LuCaP_35_recal.fraglen.NE.features.tsv, results/LuCaP_35_recal/fraglen/AD/LuCaP_35_recal.fraglen.AD.features.tsv, results/LuCaP_35CR_recal/fraglen/NE/LuCaP_35CR_recal.fraglen.NE.features.tsv, results/LuCaP_35_recal/motif/AD/LuCaP_35_recal.motif.AD.features.tsv, results/LuCaP_35CR_recal/motif/AD/LuCaP_35CR_recal.motif.AD.features.tsv, results/LuCaP_35CR_recal/cleavage_profile/AD/LuCaP_35CR_recal.cleavage_profile.AD.features.tsv, results/LuCaP_35CR_recal/fraglen/AD/LuCaP_35CR_recal.fraglen.AD.features.tsv, results/LuCaP_35_recal/motif/NE/LuCaP_35_recal.motif.NE.features.tsv, results/LuCaP_35_recal/wps/NE/LuCaP_35_recal.wps.NE.features.tsv, results/LuCaP_35_recal/cleavage_profile/NE/LuCaP_35_recal.cleavage_profile.NE.features.tsv, results/LuCaP_35CR_recal/cleavage_profile/NE/LuCaP_35CR_recal.cleavage_profile.NE.features.tsv, results/LuCaP_35CR_recal/wps/NE/LuCaP_35CR_recal.wps.NE.features.tsv, results/LuCaP_35CR_recal/motif/NE/LuCaP_35CR_recal.motif.NE.features.tsv, results/LuCaP_35CR_recal/wps/AD/LuCaP_35CR_recal.wps.AD.features.tsv
    resources: tmpdir=/tmp

[Wed Sep 17 15:34:45 2025]
Finished job 0.
33 of 33 steps (100%) done
Complete log: .snakemake/log/2025-09-17T153017.690870.snakemake.log
